# JRE version: Java(TM) SE Runtime Environment 18.9 (11.0.17+10) (build 11.0.17+10-LTS-269)
# Java VM: Java HotSpot(TM) 64-Bit Server VM 18.9 (11.0.17+10-LTS-269, mixed mode, tiered, compressed oops, g1 gc, windows-amd64)
Heap:
 garbage-first heap   total 588800K, used 407034K [0x0000000080000000, 0x0000000100000000)
  region size 1024K, 158 young (161792K), 3 survivors (3072K)
 Metaspace       used 156103K, capacity 160548K, committed 163620K, reserved 1191936K
  class space    used 18860K, capacity 20454K, committed 21068K, reserved 1048576K
GC Heap History (10 events):
Event: 3052.106 GC heap before
{Heap before GC invocations=284 (full 0):
 garbage-first heap   total 588800K, used 249329K [0x0000000080000000, 0x0000000100000000)
  region size 1024K, 28 young (28672K), 6 survivors (6144K)
 Metaspace       used 155869K, capacity 160246K, committed 163620K, reserved 1191936K
  class space    used 18842K, capacity 20423K, committed 21068K, reserved 1048576K
}
Event: 3052.113 GC heap after
{Heap after GC invocations=285 (full 0):
 garbage-first heap   total 588800K, used 221743K [0x0000000080000000, 0x0000000100000000)
  region size 1024K, 2 young (2048K), 2 survivors (2048K)
 Metaspace       used 155869K, capacity 160246K, committed 163620K, reserved 1191936K
  class space    used 18842K, capacity 20423K, committed 21068K, reserved 1048576K
}
Event: 3052.318 GC heap before
{Heap before GC invocations=285 (full 0):
 garbage-first heap   total 588800K, used 319023K [0x0000000080000000, 0x0000000100000000)
  region size 1024K, 98 young (100352K), 2 survivors (2048K)
 Metaspace       used 155882K, capacity 160258K, committed 163620K, reserved 1191936K
  class space    used 18843K, capacity 20425K, committed 21068K, reserved 1048576K
}
Event: 3052.321 GC heap after
{Heap after GC invocations=286 (full 0):
 garbage-first heap   total 588800K, used 220908K [0x0000000080000000, 0x0000000100000000)
  region size 1024K, 1 young (1024K), 1 survivors (1024K)
 Metaspace       used 155882K, capacity 160258K, committed 163620K, reserved 1191936K
  class space    used 18843K, capacity 20425K, committed 21068K, reserved 1048576K
}
Event: 3055.641 GC heap before
{Heap before GC invocations=287 (full 0):
 garbage-first heap   total 588800K, used 466668K [0x0000000080000000, 0x0000000100000000)
  region size 1024K, 221 young (226304K), 1 survivors (1024K)
 Metaspace       used 155953K, capacity 160319K, committed 163620K, reserved 1191936K
  class space    used 18850K, capacity 20437K, committed 21068K, reserved 1048576K
}
Event: 3055.674 GC heap after
{Heap after GC invocations=288 (full 0):
 garbage-first heap   total 588800K, used 257413K [0x0000000080000000, 0x0000000100000000)
  region size 1024K, 28 young (28672K), 28 survivors (28672K)
 Metaspace       used 155953K, capacity 160319K, committed 163620K, reserved 1191936K
  class space    used 18850K, capacity 20437K, committed 21068K, reserved 1048576K
}
Event: 3055.676 GC heap before
{Heap before GC invocations=288 (full 0):
 garbage-first heap   total 588800K, used 258437K [0x0000000080000000, 0x0000000100000000)
  region size 1024K, 29 young (29696K), 28 survivors (28672K)
 Metaspace       used 155953K, capacity 160319K, committed 163620K, reserved 1191936K
  class space    used 18850K, capacity 20437K, committed 21068K, reserved 1048576K
}
Event: 3055.702 GC heap after
{Heap after GC invocations=289 (full 0):
 garbage-first heap   total 588800K, used 256430K [0x0000000080000000, 0x0000000100000000)
  region size 1024K, 2 young (2048K), 2 survivors (2048K)
 Metaspace       used 155953K, capacity 160319K, committed 163620K, reserved 1191936K
  class space    used 18850K, capacity 20437K, committed 21068K, reserved 1048576K
}
Event: 3056.853 GC heap before
{Heap before GC invocations=289 (full 0):
 garbage-first heap   total 588800K, used 288174K [0x0000000080000000, 0x0000000100000000)
  region size 1024K, 35 young (35840K), 2 survivors (2048K)
 Metaspace       used 155967K, capacity 160383K, committed 163620K, reserved 1191936K
  class space    used 18850K, capacity 20437K, committed 21068K, reserved 1048576K
}
Event: 3056.860 GC heap after
{Heap after GC invocations=290 (full 0):
 garbage-first heap   total 588800K, used 257530K [0x0000000080000000, 0x0000000100000000)
  region size 1024K, 3 young (3072K), 3 survivors (3072K)
 Metaspace       used 155967K, capacity 160383K, committed 163620K, reserved 1191936K
  class space    used 18850K, capacity 20437K, committed 21068K, reserved 1048576K
}

