# JRE version: Java(TM) SE Runtime Environment 18.9 (11.0.17+10) (build 11.0.17+10-LTS-269)
# Java VM: Java HotSpot(TM) 64-Bit Server VM 18.9 (11.0.17+10-LTS-269, mixed mode, tiered, compressed oops, g1 gc, windows-amd64)
Heap:
 garbage-first heap   total 458752K, used 301332K [0x0000000080000000, 0x0000000100000000)
  region size 1024K, 120 young (122880K), 9 survivors (9216K)
 Metaspace       used 108363K, capacity 111576K, committed 111832K, reserved 1146880K
  class space    used 13806K, capacity 14991K, committed 15104K, reserved 1048576K
GC Heap History (10 events):
Event: 166.678 GC heap before
{Heap before GC invocations=85 (full 0):
 garbage-first heap   total 458752K, used 222784K [0x0000000080000000, 0x0000000100000000)
  region size 1024K, 49 young (50176K), 8 survivors (8192K)
 Metaspace       used 97712K, capacity 100579K, committed 100696K, reserved 1136640K
  class space    used 12549K, capacity 13623K, committed 13696K, reserved 1048576K
}
Event: 166.716 GC heap after
{Heap after GC invocations=86 (full 0):
 garbage-first heap   total 458752K, used 183872K [0x0000000080000000, 0x0000000100000000)
  region size 1024K, 10 young (10240K), 10 survivors (10240K)
 Metaspace       used 97712K, capacity 100579K, committed 100696K, reserved 1136640K
  class space    used 12549K, capacity 13623K, committed 13696K, reserved 1048576K
}
Event: 173.409 GC heap before
{Heap before GC invocations=87 (full 0):
 garbage-first heap   total 458752K, used 382528K [0x0000000080000000, 0x0000000100000000)
  region size 1024K, 204 young (208896K), 10 survivors (10240K)
 Metaspace       used 99429K, capacity 102070K, committed 102232K, reserved 1138688K
  class space    used 12712K, capacity 13677K, committed 13696K, reserved 1048576K
}
Event: 173.458 GC heap after
{Heap after GC invocations=88 (full 0):
 garbage-first heap   total 458752K, used 187899K [0x0000000080000000, 0x0000000100000000)
  region size 1024K, 14 young (14336K), 14 survivors (14336K)
 Metaspace       used 99429K, capacity 102070K, committed 102232K, reserved 1138688K
  class space    used 12712K, capacity 13677K, committed 13696K, reserved 1048576K
}
Event: 178.645 GC heap before
{Heap before GC invocations=89 (full 0):
 garbage-first heap   total 458752K, used 387579K [0x0000000080000000, 0x0000000100000000)
  region size 1024K, 208 young (212992K), 14 survivors (14336K)
 Metaspace       used 100737K, capacity 103416K, committed 103768K, reserved 1138688K
  class space    used 12834K, capacity 13841K, committed 13952K, reserved 1048576K
}
Event: 178.693 GC heap after
{Heap after GC invocations=90 (full 0):
 garbage-first heap   total 458752K, used 190820K [0x0000000080000000, 0x0000000100000000)
  region size 1024K, 8 young (8192K), 8 survivors (8192K)
 Metaspace       used 100737K, capacity 103416K, committed 103768K, reserved 1138688K
  class space    used 12834K, capacity 13841K, committed 13952K, reserved 1048576K
}
Event: 181.649 GC heap before
{Heap before GC invocations=90 (full 0):
 garbage-first heap   total 458752K, used 390500K [0x0000000080000000, 0x0000000100000000)
  region size 1024K, 202 young (206848K), 8 survivors (8192K)
 Metaspace       used 100997K, capacity 103736K, committed 104024K, reserved 1138688K
  class space    used 12853K, capacity 13841K, committed 13952K, reserved 1048576K
}
Event: 181.675 GC heap after
{Heap after GC invocations=91 (full 0):
 garbage-first heap   total 458752K, used 192868K [0x0000000080000000, 0x0000000100000000)
  region size 1024K, 10 young (10240K), 10 survivors (10240K)
 Metaspace       used 100997K, capacity 103736K, committed 104024K, reserved 1138688K
  class space    used 12853K, capacity 13841K, committed 13952K, reserved 1048576K
}
Event: 187.608 GC heap before
{Heap before GC invocations=91 (full 0):
 garbage-first heap   total 458752K, used 391524K [0x0000000080000000, 0x0000000100000000)
  region size 1024K, 204 young (208896K), 10 survivors (10240K)
 Metaspace       used 104745K, capacity 107574K, committed 107736K, reserved 1142784K
  class space    used 13396K, capacity 14470K, committed 14592K, reserved 1048576K
}
Event: 187.634 GC heap after
{Heap after GC invocations=92 (full 0):
 garbage-first heap   total 458752K, used 189716K [0x0000000080000000, 0x0000000100000000)
  region size 1024K, 9 young (9216K), 9 survivors (9216K)
 Metaspace       used 104745K, capacity 107574K, committed 107736K, reserved 1142784K
  class space    used 13396K, capacity 14470K, committed 14592K, reserved 1048576K
}

